#
# There is insufficient memory for the Java Runtime Environment to continue.
# Native memory allocation (malloc) failed to allocate 42816 bytes. Error detail: Chunk::new
# Possible reasons:
#   The system is out of physical RAM or swap space
#   This process is running with CompressedOops enabled, and the Java Heap may be blocking the growth of the native heap
# Possible solutions:
#   Reduce memory load on the system
#   Increase physical memory or swap space
#   Check if swap backing store is full
#   Decrease Java heap size (-Xmx/-Xms)
#   Decrease number of Java threads
#   Decrease Java thread stack sizes (-Xss)
#   Set larger code cache with -XX:ReservedCodeCacheSize=
#   JVM is running with Unscaled Compressed Oops mode in which the Java heap is
#     placed in the first 4GB address space. The Java Heap base address is the
#     maximum limit for the native heap growth. Please use -XX:HeapBaseMinAddress
#     to set the Java Heap base and to place the Java Heap above 4GB virtual address.
# This output file may be truncated or incomplete.
#
#  Out of Memory Error (arena.cpp:168), pid=11124, tid=49652
#
# JRE version: OpenJDK Runtime Environment Temurin-21.0.5+11 (21.0.5+11) (build 21.0.5+11-LTS)
# Java VM: OpenJDK 64-Bit Server VM Temurin-21.0.5+11 (21.0.5+11-LTS, mixed mode, sharing, tiered, compressed oops, compressed class ptrs, parallel gc, windows-amd64)
# No core dump will be written. Minidumps are not enabled by default on client versions of Windows
#

---------------  S U M M A R Y ------------

Command Line: --add-modules=ALL-SYSTEM --add-opens=java.base/java.util=ALL-UNNAMED --add-opens=java.base/java.lang=ALL-UNNAMED --add-opens=java.base/sun.nio.fs=ALL-UNNAMED -Declipse.application=org.eclipse.jdt.ls.core.id1 -Dosgi.bundles.defaultStartLevel=4 -Declipse.product=org.eclipse.jdt.ls.core.product -Djava.import.generatesMetadataFilesAtProjectRoot=false -DDetectVMInstallationsJob.disabled=true -Dfile.encoding=utf8 -XX:+UseParallelGC -XX:GCTimeRatio=4 -XX:AdaptiveSizePolicyWeight=90 -Dsun.zip.disableMemoryMapping=true -Xmx1G -Xms100m -Xlog:disable -javaagent:c:\Users\jeanm\.vscode\extensions\redhat.java-1.39.0-win32-x64\lombok\lombok-1.18.34.jar c:\Users\jeanm\.vscode\extensions\redhat.java-1.39.0-win32-x64\server\plugins\org.eclipse.equinox.launcher_1.6.900.v20240613-2009.jar -configuration c:\Users\jeanm\AppData\Roaming\Code\User\globalStorage\redhat.java\1.39.0\config_ss_win -data c:\Users\jeanm\AppData\Roaming\Code\User\workspaceStorage\fd00c8fecdad8257e3b7b297384eeba9\redhat.java\ss_ws --pipe=\\.\pipe\lsp-21d403d7194422b13908013eca5e3e0a-sock

Host: Intel(R) Core(TM) i5-6300U CPU @ 2.40GHz, 4 cores, 7G,  Windows 11 , 64 bit Build 22621 (10.0.22621.4435)
Time: Thu Feb  6 13:19:46 2025 Greenwich Standard Time elapsed time: 6.346609 seconds (0d 0h 0m 6s)

---------------  T H R E A D  ---------------

Current thread (0x0000028b75aea480):  JavaThread "C2 CompilerThread1" daemon [_thread_in_native, id=49652, stack(0x000000d1c0800000,0x000000d1c0900000) (1024K)]


Current CompileTask:
C2:6346 1308       4       lombok.launch.PackageShader::apply (252 bytes)

Stack: [0x000000d1c0800000,0x000000d1c0900000]
Native frames: (J=compiled Java code, j=interpreted, Vv=VM code, C=native code)
V  [jvm.dll+0x6cd4e9]
V  [jvm.dll+0x8a7941]
V  [jvm.dll+0x8a9e6e]
V  [jvm.dll+0x8aa543]
V  [jvm.dll+0x27f6d6]
V  [jvm.dll+0xc500d]
V  [jvm.dll+0xc5543]
V  [jvm.dll+0x2f30aa]
V  [jvm.dll+0x5f67ea]
V  [jvm.dll+0x250b82]
V  [jvm.dll+0x250f3f]
V  [jvm.dll+0x249814]
V  [jvm.dll+0x246ea4]
V  [jvm.dll+0x1c75ce]
V  [jvm.dll+0x25682a]
V  [jvm.dll+0x254dca]
V  [jvm.dll+0x3f00d6]
V  [jvm.dll+0x8514fb]
V  [jvm.dll+0x6cbbed]
C  [ucrtbase.dll+0x29333]
C  [KERNEL32.DLL+0x1259d]
C  [ntdll.dll+0x5af38]


---------------  P R O C E S S  ---------------

Threads class SMR info:
_java_thread_list=0x0000028b7593c790, length=12, elements={
0x0000028b5fee26e0, 0x0000028b7436cfd0, 0x0000028b7436e8d0, 0x0000028b743705e0,
0x0000028b743741c0, 0x0000028b74372300, 0x0000028b74376ee0, 0x0000028b74377c60,
0x0000028b743e7600, 0x0000028b5ff4c570, 0x0000028b7547fce0, 0x0000028b75aea480
}

Java Threads: ( => current thread )
  0x0000028b5fee26e0 JavaThread "main"                              [_thread_in_native, id=42196, stack(0x000000d1bf700000,0x000000d1bf800000) (1024K)]
  0x0000028b7436cfd0 JavaThread "Reference Handler"          daemon [_thread_blocked, id=9992, stack(0x000000d1bfb00000,0x000000d1bfc00000) (1024K)]
  0x0000028b7436e8d0 JavaThread "Finalizer"                  daemon [_thread_blocked, id=10992, stack(0x000000d1bfc00000,0x000000d1bfd00000) (1024K)]
  0x0000028b743705e0 JavaThread "Signal Dispatcher"          daemon [_thread_blocked, id=46372, stack(0x000000d1bfd00000,0x000000d1bfe00000) (1024K)]
  0x0000028b743741c0 JavaThread "Attach Listener"            daemon [_thread_blocked, id=45776, stack(0x000000d1bfe00000,0x000000d1bff00000) (1024K)]
  0x0000028b74372300 JavaThread "Service Thread"             daemon [_thread_blocked, id=34768, stack(0x000000d1bff00000,0x000000d1c0000000) (1024K)]
  0x0000028b74376ee0 JavaThread "Monitor Deflation Thread"   daemon [_thread_blocked, id=3168, stack(0x000000d1c0000000,0x000000d1c0100000) (1024K)]
  0x0000028b74377c60 JavaThread "C2 CompilerThread0"         daemon [_thread_blocked, id=33276, stack(0x000000d1c0100000,0x000000d1c0200000) (1024K)]
  0x0000028b743e7600 JavaThread "C1 CompilerThread0"         daemon [_thread_blocked, id=44340, stack(0x000000d1c0200000,0x000000d1c0300000) (1024K)]
  0x0000028b5ff4c570 JavaThread "Common-Cleaner"             daemon [_thread_blocked, id=54996, stack(0x000000d1c0300000,0x000000d1c0400000) (1024K)]
  0x0000028b7547fce0 JavaThread "Notification Thread"        daemon [_thread_blocked, id=41960, stack(0x000000d1c0400000,0x000000d1c0500000) (1024K)]
=>0x0000028b75aea480 JavaThread "C2 CompilerThread1"         daemon [_thread_in_native, id=49652, stack(0x000000d1c0800000,0x000000d1c0900000) (1024K)]
Total: 12

Other Threads:
  0x0000028b5ff9cfc0 VMThread "VM Thread"                           [id=27160, stack(0x000000d1bfa00000,0x000000d1bfb00000) (1024K)]
  0x0000028b7430ca00 WatcherThread "VM Periodic Task Thread"        [id=7072, stack(0x000000d1bf900000,0x000000d1bfa00000) (1024K)]
  0x0000028b5feff710 WorkerThread "GC Thread#0"                     [id=23380, stack(0x000000d1bf800000,0x000000d1bf900000) (1024K)]
  0x0000028b757a93a0 WorkerThread "GC Thread#1"                     [id=25216, stack(0x000000d1c0500000,0x000000d1c0600000) (1024K)]
  0x0000028b757bbc60 WorkerThread "GC Thread#2"                     [id=35884, stack(0x000000d1c0600000,0x000000d1c0700000) (1024K)]
  0x0000028b757bc000 WorkerThread "GC Thread#3"                     [id=18816, stack(0x000000d1c0700000,0x000000d1c0800000) (1024K)]
Total: 6

Threads with active compile tasks:
C2 CompilerThread1  6431 1308       4       lombok.launch.PackageShader::apply (252 bytes)
Total: 1

VM state: not at safepoint (normal execution)

VM Mutex/Monitor currently owned by a thread: None

Heap address: 0x00000000c0000000, size: 1024 MB, Compressed Oops mode: 32-bit

CDS archive(s) mapped at: [0x0000028b00000000-0x0000028b00ba0000-0x0000028b00ba0000), size 12189696, SharedBaseAddress: 0x0000028b00000000, ArchiveRelocationMode: 1.
Compressed class space mapped at: 0x0000028b01000000-0x0000028b41000000, reserved size: 1073741824
Narrow klass base: 0x0000028b00000000, Narrow klass shift: 0, Narrow klass range: 0x100000000

GC Precious Log:
 CardTable entry size: 512
 CPUs: 4 total, 4 available
 Memory: 8071M
 Large Page Support: Disabled
 NUMA Support: Disabled
 Compressed Oops: Enabled (32-bit)
 Alignments: Space 512K, Generation 512K, Heap 2M
 Heap Min Capacity: 100M
 Heap Initial Capacity: 100M
 Heap Max Capacity: 1G
 Pre-touch: Disabled
 Parallel Workers: 4

Heap:
 PSYoungGen      total 29696K, used 12071K [0x00000000eab00000, 0x00000000ecc00000, 0x0000000100000000)
  eden space 25600K, 34% used [0x00000000eab00000,0x00000000eb3ac528,0x00000000ec400000)
  from space 4096K, 77% used [0x00000000ec400000,0x00000000ec71d860,0x00000000ec800000)
  to   space 4096K, 0% used [0x00000000ec800000,0x00000000ec800000,0x00000000ecc00000)
 ParOldGen       total 68608K, used 0K [0x00000000c0000000, 0x00000000c4300000, 0x00000000eab00000)
  object space 68608K, 0% used [0x00000000c0000000,0x00000000c0000000,0x00000000c4300000)
 Metaspace       used 5969K, committed 6144K, reserved 1114112K
  class space    used 569K, committed 640K, reserved 1048576K

Card table byte_map: [0x0000028b5f880000,0x0000028b5fa90000] _byte_map_base: 0x0000028b5f280000

Marking Bits: (ParMarkBitMap*) 0x00007fff583d2250
 Begin Bits: [0x0000028b72230000, 0x0000028b73230000)
 End Bits:   [0x0000028b73230000, 0x0000028b74230000)

Polling page: 0x0000028b5ddb0000

Metaspace:

Usage:
  Non-class:      5.27 MB used.
      Class:    569.48 KB used.
       Both:      5.83 MB used.

Virtual space:
  Non-class space:       64.00 MB reserved,       5.38 MB (  8%) committed,  1 nodes.
      Class space:        1.00 GB reserved,     640.00 KB ( <1%) committed,  1 nodes.
             Both:        1.06 GB reserved,       6.00 MB ( <1%) committed. 

Chunk freelists:
   Non-Class:  10.02 MB
       Class:  15.38 MB
        Both:  25.39 MB

MaxMetaspaceSize: unlimited
CompressedClassSpaceSize: 1.00 GB
Initial GC threshold: 21.00 MB
Current GC threshold: 21.00 MB
CDS: on
 - commit_granule_bytes: 65536.
 - commit_granule_words: 8192.
 - virtual_space_node_default_size: 8388608.
 - enlarge_chunks_in_place: 1.
 - use_allocation_guard: 0.


Internal statistics:

num_allocs_failed_limit: 0.
num_arena_births: 146.
num_arena_deaths: 0.
num_vsnodes_births: 2.
num_vsnodes_deaths: 0.
num_space_committed: 96.
num_space_uncommitted: 0.
num_chunks_returned_to_freelist: 0.
num_chunks_taken_from_freelist: 250.
num_chunk_merges: 0.
num_chunk_splits: 175.
num_chunks_enlarged: 125.
num_inconsistent_stats: 0.

CodeHeap 'non-profiled nmethods': size=120000Kb used=550Kb max_used=550Kb free=119450Kb
 bounds [0x0000028b6ad00000, 0x0000028b6af70000, 0x0000028b72230000]
CodeHeap 'profiled nmethods': size=120000Kb used=2280Kb max_used=2280Kb free=117719Kb
 bounds [0x0000028b63230000, 0x0000028b634a0000, 0x0000028b6a760000]
CodeHeap 'non-nmethods': size=5760Kb used=1205Kb max_used=1234Kb free=4555Kb
 bounds [0x0000028b6a760000, 0x0000028b6a9d0000, 0x0000028b6ad00000]
 total_blobs=1796 nmethods=1330 adapters=373
 compilation: enabled
              stopped_count=0, restarted_count=0
 full_count=0

Compilation events (20 events):
Event: 6.298 Thread 0x0000028b75aea480 nmethod 1303% 0x0000028b6ad86590 code [0x0000028b6ad867a0, 0x0000028b6ad87718]
Event: 6.302 Thread 0x0000028b743e7600 1307       3       java.util.WeakHashMap::get (75 bytes)
Event: 6.303 Thread 0x0000028b75aea480 1308       4       lombok.launch.PackageShader::apply (252 bytes)
Event: 6.304 Thread 0x0000028b743e7600 nmethod 1307 0x0000028b6345dc90 code [0x0000028b6345dec0, 0x0000028b6345e728]
Event: 6.304 Thread 0x0000028b743e7600 1309       3       java.lang.ClassLoader::defineClass (43 bytes)
Event: 6.305 Thread 0x0000028b743e7600 nmethod 1309 0x0000028b6345ea90 code [0x0000028b6345eca0, 0x0000028b6345f1b0]
Event: 6.305 Thread 0x0000028b743e7600 1310       3       java.lang.ClassLoader::preDefineClass (118 bytes)
Event: 6.306 Thread 0x0000028b743e7600 nmethod 1310 0x0000028b6345f410 code [0x0000028b6345f780, 0x0000028b63460920]
Event: 6.307 Thread 0x0000028b743e7600 1311   !   3       jdk.internal.ref.PhantomCleanable::insert (53 bytes)
Event: 6.307 Thread 0x0000028b743e7600 nmethod 1311 0x0000028b63461010 code [0x0000028b634611c0, 0x0000028b63461430]
Event: 6.308 Thread 0x0000028b743e7600 1312   !   3       java.lang.ClassLoader::addClass (27 bytes)
Event: 6.309 Thread 0x0000028b743e7600 nmethod 1312 0x0000028b63461590 code [0x0000028b63461780, 0x0000028b63461d00]
Event: 6.309 Thread 0x0000028b743e7600 1313       3       java.lang.ClassLoader::getNamedPackage (73 bytes)
Event: 6.310 Thread 0x0000028b743e7600 nmethod 1313 0x0000028b63462010 code [0x0000028b63462200, 0x0000028b63462760]
Event: 6.317 Thread 0x0000028b743e7600 1314       3       java.io.FileSystem::hasBooleanAttributes (17 bytes)
Event: 6.318 Thread 0x0000028b743e7600 nmethod 1314 0x0000028b63462910 code [0x0000028b63462ac0, 0x0000028b63462c70]
Event: 6.318 Thread 0x0000028b743e7600 1315   !   3       java.io.WinNTFileSystem::getBooleanAttributes (27 bytes)
Event: 6.318 Thread 0x0000028b743e7600 nmethod 1315 0x0000028b63462d10 code [0x0000028b63462ee0, 0x0000028b634630f8]
Event: 6.325 Thread 0x0000028b743e7600 1316       3       sun.net.util.URLUtil::urlNoFragString (143 bytes)
Event: 6.327 Thread 0x0000028b743e7600 nmethod 1316 0x0000028b63463210 code [0x0000028b63463540, 0x0000028b634644b8]

GC Heap History (2 events):
Event: 5.247 GC heap before
{Heap before GC invocations=1 (full 0):
 PSYoungGen      total 29696K, used 25600K [0x00000000eab00000, 0x00000000ecc00000, 0x0000000100000000)
  eden space 25600K, 100% used [0x00000000eab00000,0x00000000ec400000,0x00000000ec400000)
  from space 4096K, 0% used [0x00000000ec800000,0x00000000ec800000,0x00000000ecc00000)
  to   space 4096K, 0% used [0x00000000ec400000,0x00000000ec400000,0x00000000ec800000)
 ParOldGen       total 68608K, used 0K [0x00000000c0000000, 0x00000000c4300000, 0x00000000eab00000)
  object space 68608K, 0% used [0x00000000c0000000,0x00000000c0000000,0x00000000c4300000)
 Metaspace       used 4354K, committed 4544K, reserved 1114112K
  class space    used 436K, committed 512K, reserved 1048576K
}
Event: 5.290 GC heap after
{Heap after GC invocations=1 (full 0):
 PSYoungGen      total 29696K, used 3190K [0x00000000eab00000, 0x00000000ecc00000, 0x0000000100000000)
  eden space 25600K, 0% used [0x00000000eab00000,0x00000000eab00000,0x00000000ec400000)
  from space 4096K, 77% used [0x00000000ec400000,0x00000000ec71d860,0x00000000ec800000)
  to   space 4096K, 0% used [0x00000000ec800000,0x00000000ec800000,0x00000000ecc00000)
 ParOldGen       total 68608K, used 0K [0x00000000c0000000, 0x00000000c4300000, 0x00000000eab00000)
  object space 68608K, 0% used [0x00000000c0000000,0x00000000c0000000,0x00000000c4300000)
 Metaspace       used 4354K, committed 4544K, reserved 1114112K
  class space    used 436K, committed 512K, reserved 1048576K
}

Dll operation events (8 events):
Event: 0.044 Loaded shared library c:\Users\jeanm\.vscode\extensions\redhat.java-1.39.0-win32-x64\jre\21.0.5-win32-x86_64\bin\java.dll
Event: 0.404 Loaded shared library c:\Users\jeanm\.vscode\extensions\redhat.java-1.39.0-win32-x64\jre\21.0.5-win32-x86_64\bin\zip.dll
Event: 0.534 Loaded shared library C:\Users\jeanm\.vscode\extensions\redhat.java-1.39.0-win32-x64\jre\21.0.5-win32-x86_64\bin\instrument.dll
Event: 0.544 Loaded shared library C:\Users\jeanm\.vscode\extensions\redhat.java-1.39.0-win32-x64\jre\21.0.5-win32-x86_64\bin\net.dll
Event: 0.552 Loaded shared library C:\Users\jeanm\.vscode\extensions\redhat.java-1.39.0-win32-x64\jre\21.0.5-win32-x86_64\bin\nio.dll
Event: 0.591 Loaded shared library C:\Users\jeanm\.vscode\extensions\redhat.java-1.39.0-win32-x64\jre\21.0.5-win32-x86_64\bin\zip.dll
Event: 0.938 Loaded shared library C:\Users\jeanm\.vscode\extensions\redhat.java-1.39.0-win32-x64\jre\21.0.5-win32-x86_64\bin\jimage.dll
Event: 1.623 Loaded shared library c:\Users\jeanm\.vscode\extensions\redhat.java-1.39.0-win32-x64\jre\21.0.5-win32-x86_64\bin\verify.dll

Deoptimization events (20 events):
Event: 5.188 Thread 0x0000028b5fee26e0 DEOPT PACKING pc=0x0000028b6ad4ba3c sp=0x000000d1bf7fea30
Event: 5.188 Thread 0x0000028b5fee26e0 DEOPT UNPACKING pc=0x0000028b6a7b3aa2 sp=0x000000d1bf7fe978 mode 2
Event: 5.188 Thread 0x0000028b5fee26e0 Uncommon trap: trap_request=0xffffff45 fr.pc=0x0000028b6ad58854 relative=0x00000000000000b4
Event: 5.188 Thread 0x0000028b5fee26e0 Uncommon trap: reason=unstable_if action=reinterpret pc=0x0000028b6ad58854 method=java.util.HashMap.hash(Ljava/lang/Object;)I @ 1 c2
Event: 5.188 Thread 0x0000028b5fee26e0 DEOPT PACKING pc=0x0000028b6ad58854 sp=0x000000d1bf7fe8d0
Event: 5.188 Thread 0x0000028b5fee26e0 DEOPT UNPACKING pc=0x0000028b6a7b3aa2 sp=0x000000d1bf7fe868 mode 2
Event: 5.418 Thread 0x0000028b5fee26e0 Uncommon trap: trap_request=0xffffffde fr.pc=0x0000028b6ad62974 relative=0x0000000000000994
Event: 5.418 Thread 0x0000028b5fee26e0 Uncommon trap: reason=class_check action=maybe_recompile pc=0x0000028b6ad62974 method=java.util.HashMap.putVal(ILjava/lang/Object;Ljava/lang/Object;ZZ)Ljava/lang/Object; @ 253 c2
Event: 5.418 Thread 0x0000028b5fee26e0 DEOPT PACKING pc=0x0000028b6ad62974 sp=0x000000d1bf7fd060
Event: 5.418 Thread 0x0000028b5fee26e0 DEOPT UNPACKING pc=0x0000028b6a7b3aa2 sp=0x000000d1bf7fcff0 mode 2
Event: 5.633 Thread 0x0000028b5fee26e0 Uncommon trap: trap_request=0xffffff45 fr.pc=0x0000028b6ad4d308 relative=0x00000000000001a8
Event: 5.633 Thread 0x0000028b5fee26e0 Uncommon trap: reason=unstable_if action=reinterpret pc=0x0000028b6ad4d308 method=java.lang.invoke.VarHandle.checkAccessModeThenIsDirect(Ljava/lang/invoke/VarHandle$AccessDescriptor;)Z @ 4 c2
Event: 5.633 Thread 0x0000028b5fee26e0 DEOPT PACKING pc=0x0000028b6ad4d308 sp=0x000000d1bf7fe9c0
Event: 5.633 Thread 0x0000028b5fee26e0 DEOPT UNPACKING pc=0x0000028b6a7b3aa2 sp=0x000000d1bf7fe8f8 mode 2
Event: 6.237 Thread 0x0000028b5fee26e0 Uncommon trap: trap_request=0xffffff45 fr.pc=0x0000028b6ad49920 relative=0x0000000000001160
Event: 6.237 Thread 0x0000028b5fee26e0 Uncommon trap: reason=unstable_if action=reinterpret pc=0x0000028b6ad49920 method=lombok.patcher.PatchScript.classMatches(Ljava/lang/String;Ljava/util/Collection;)Z @ 25 c2
Event: 6.237 Thread 0x0000028b5fee26e0 DEOPT PACKING pc=0x0000028b6ad49920 sp=0x000000d1bf7f8bd0
Event: 6.237 Thread 0x0000028b5fee26e0 DEOPT UNPACKING pc=0x0000028b6a7b3aa2 sp=0x000000d1bf7f8b38 mode 2
Event: 6.303 Thread 0x0000028b5fee26e0 DEOPT PACKING pc=0x0000028b632cbd8d sp=0x000000d1bf7f4430
Event: 6.303 Thread 0x0000028b5fee26e0 DEOPT UNPACKING pc=0x0000028b6a7b4242 sp=0x000000d1bf7f38e0 mode 0

Classes loaded (20 events):
Event: 5.823 Loading class java/util/concurrent/SynchronousQueue$Transferer
Event: 5.823 Loading class java/util/concurrent/LinkedTransferQueue
Event: 5.824 Loading class java/util/concurrent/TransferQueue
Event: 5.824 Loading class java/util/concurrent/TransferQueue done
Event: 5.824 Loading class java/util/concurrent/LinkedTransferQueue done
Event: 5.824 Loading class java/util/concurrent/SynchronousQueue$Transferer done
Event: 5.825 Loading class java/util/concurrent/LinkedTransferQueue$DualNode
Event: 5.826 Loading class java/util/concurrent/LinkedTransferQueue$DualNode done
Event: 5.827 Loading class java/util/concurrent/RejectedExecutionHandler
Event: 5.827 Loading class java/util/concurrent/RejectedExecutionHandler done
Event: 5.827 Loading class java/util/concurrent/LinkedBlockingQueue
Event: 5.828 Loading class java/util/concurrent/LinkedBlockingQueue done
Event: 5.828 Loading class java/util/concurrent/LinkedBlockingQueue$Node
Event: 5.828 Loading class java/util/concurrent/LinkedBlockingQueue$Node done
Event: 5.891 Loading class java/util/concurrent/Semaphore$NonfairSync
Event: 5.892 Loading class java/util/concurrent/Semaphore$Sync
Event: 5.894 Loading class java/util/concurrent/Semaphore$Sync done
Event: 5.895 Loading class java/util/concurrent/Semaphore$NonfairSync done
Event: 6.294 Loading class java/lang/TypeNotPresentException
Event: 6.294 Loading class java/lang/TypeNotPresentException done

Classes unloaded (0 events):
No events

Classes redefined (0 events):
No events

Internal exceptions (20 events):
Event: 4.589 Thread 0x0000028b5fee26e0 Exception <a 'java/lang/NoSuchMethodError'{0x00000000ebe6dae0}: 'java.lang.ClassLoader java.lang.ClassLoader.getPlatformClassLoader(java.lang.Class)'> (0x00000000ebe6dae0) 
thrown [s\src\hotspot\share\interpreter\linkResolver.cpp, line 773]
Event: 4.955 Thread 0x0000028b5fee26e0 Exception <a 'java/lang/ClassNotFoundException'{0x00000000ec270b08}: sun/net/www/protocol/c/Handler> (0x00000000ec270b08) 
thrown [s\src\hotspot\share\classfile\systemDictionary.cpp, line 312]
Event: 4.955 Thread 0x0000028b5fee26e0 Exception <a 'java/lang/ClassNotFoundException'{0x00000000ec271ec8}: sun/net/www/protocol/c/Handler> (0x00000000ec271ec8) 
thrown [s\src\hotspot\share\classfile\systemDictionary.cpp, line 312]
Event: 4.955 Thread 0x0000028b5fee26e0 Exception <a 'java/lang/ClassNotFoundException'{0x00000000ec2730d8}: sun/net/www/protocol/c/Handler> (0x00000000ec2730d8) 
thrown [s\src\hotspot\share\classfile\systemDictionary.cpp, line 312]
Event: 4.969 Thread 0x0000028b5fee26e0 Exception <a 'java/io/FileNotFoundException'{0x00000000ec296250}> (0x00000000ec296250) 
thrown [s\src\hotspot\share\prims\jni.cpp, line 520]
Event: 5.187 Thread 0x0000028b5fee26e0 Implicit null exception at 0x0000028b6ad54d49 to 0x0000028b6ad55718
Event: 5.188 Thread 0x0000028b5fee26e0 Implicit null exception at 0x0000028b6ad6b420 to 0x0000028b6ad6b638
Event: 5.188 Thread 0x0000028b5fee26e0 Implicit null exception at 0x0000028b6ad57fc0 to 0x0000028b6ad58294
Event: 5.188 Thread 0x0000028b5fee26e0 Implicit null exception at 0x0000028b6ad587c0 to 0x0000028b6ad58845
Event: 5.427 Thread 0x0000028b5fee26e0 Exception <a 'java/lang/NoSuchMethodError'{0x00000000eaceffe0}: 'long java.lang.invoke.DirectMethodHandle$Holder.invokeStatic(java.lang.Object, java.lang.Object, int)'> (0x00000000eaceffe0) 
thrown [s\src\hotspot\share\interpreter\linkResolver.cpp, line 773]
Event: 5.430 Thread 0x0000028b5fee26e0 Exception <a 'java/lang/NoSuchMethodError'{0x00000000eacf7b48}: 'java.lang.Object java.lang.invoke.DirectMethodHandle$Holder.invokeSpecial(java.lang.Object, java.lang.Object, java.lang.Object, java.lang.Object, long)'> (0x00000000eacf7b48) 
thrown [s\src\hotspot\share\interpreter\linkResolver.cpp, line 773]
Event: 5.434 Thread 0x0000028b5fee26e0 Exception <a 'java/lang/NoSuchMethodError'{0x00000000ead057c8}: 'java.lang.Object java.lang.invoke.DirectMethodHandle$Holder.invokeSpecial(java.lang.Object, java.lang.Object, java.lang.Object, int, java.lang.Object)'> (0x00000000ead057c8) 
thrown [s\src\hotspot\share\interpreter\linkResolver.cpp, line 773]
Event: 5.469 Thread 0x0000028b5fee26e0 Exception <a 'java/lang/NoSuchMethodError'{0x00000000ead1f450}: 'java.lang.Object java.lang.invoke.Invokers$Holder.invokeExact_MT(java.lang.Object, java.lang.Object, java.lang.Object, java.lang.Object, java.lang.Object, java.lang.Object)'> (0x00000000ead1f450) 
thrown [s\src\hotspot\share\interpreter\linkResolver.cpp, line 773]
Event: 5.477 Thread 0x0000028b5fee26e0 Exception <a 'java/lang/NoSuchMethodError'{0x00000000ead38bc8}: 'int java.lang.invoke.DirectMethodHandle$Holder.invokeStaticInit(java.lang.Object, java.lang.Object, java.lang.Object, java.lang.Object)'> (0x00000000ead38bc8) 
thrown [s\src\hotspot\share\interpreter\linkResolver.cpp, line 773]
Event: 5.480 Thread 0x0000028b5fee26e0 Exception <a 'java/lang/NoSuchMethodError'{0x00000000ead41618}: 'java.lang.Object java.lang.invoke.DirectMethodHandle$Holder.invokeInterface(java.lang.Object, java.lang.Object)'> (0x00000000ead41618) 
thrown [s\src\hotspot\share\interpreter\linkResolver.cpp, line 773]
Event: 5.483 Thread 0x0000028b5fee26e0 Exception <a 'java/lang/IncompatibleClassChangeError'{0x00000000ead44b50}: Found class java.lang.Object, but interface was expected> (0x00000000ead44b50) 
thrown [s\src\hotspot\share\interpreter\linkResolver.cpp, line 840]
Event: 5.484 Thread 0x0000028b5fee26e0 Exception <a 'java/lang/NoSuchMethodError'{0x00000000ead48d08}: 'void java.lang.invoke.DirectMethodHandle$Holder.invokeStatic(java.lang.Object, java.lang.Object)'> (0x00000000ead48d08) 
thrown [s\src\hotspot\share\interpreter\linkResolver.cpp, line 773]
Event: 5.485 Thread 0x0000028b5fee26e0 Exception <a 'java/lang/NoSuchMethodError'{0x00000000ead4c0b0}: 'void java.lang.invoke.DirectMethodHandle$Holder.invokeStaticInit(java.lang.Object, java.lang.Object)'> (0x00000000ead4c0b0) 
thrown [s\src\hotspot\share\interpreter\linkResolver.cpp, line 773]
Event: 5.487 Thread 0x0000028b5fee26e0 Exception <a 'java/lang/NoSuchMethodError'{0x00000000ead530d0}: 'int java.lang.invoke.DirectMethodHandle$Holder.invokeStaticInit(java.lang.Object, java.lang.Object)'> (0x00000000ead530d0) 
thrown [s\src\hotspot\share\interpreter\linkResolver.cpp, line 773]
Event: 5.720 Thread 0x0000028b5fee26e0 Exception <a 'java/lang/NoSuchMethodError'{0x00000000eae91028}: 'void java.lang.invoke.DirectMethodHandle$Holder.invokeSpecial(java.lang.Object, java.lang.Object, java.lang.Object)'> (0x00000000eae91028) 
thrown [s\src\hotspot\share\interpreter\linkResolver.cpp, line 773]

ZGC Phase Switch (0 events):
No events

VM Operations (20 events):
Event: 0.400 Executing VM operation: HandshakeAllThreads (Deoptimize)
Event: 0.400 Executing VM operation: HandshakeAllThreads (Deoptimize) done
Event: 1.184 Executing VM operation: HandshakeAllThreads (Deoptimize)
Event: 1.184 Executing VM operation: HandshakeAllThreads (Deoptimize) done
Event: 1.184 Executing VM operation: Cleanup
Event: 1.184 Executing VM operation: Cleanup done
Event: 2.186 Executing VM operation: Cleanup
Event: 2.234 Executing VM operation: Cleanup done
Event: 3.019 Executing VM operation: HandshakeAllThreads (Deoptimize)
Event: 3.019 Executing VM operation: HandshakeAllThreads (Deoptimize) done
Event: 3.054 Executing VM operation: HandshakeAllThreads (Deoptimize)
Event: 3.054 Executing VM operation: HandshakeAllThreads (Deoptimize) done
Event: 4.059 Executing VM operation: Cleanup
Event: 4.074 Executing VM operation: Cleanup done
Event: 4.895 Executing VM operation: HandshakeAllThreads (Deoptimize)
Event: 4.895 Executing VM operation: HandshakeAllThreads (Deoptimize) done
Event: 5.247 Executing VM operation: ParallelGCFailedAllocation (Allocation Failure)
Event: 5.290 Executing VM operation: ParallelGCFailedAllocation (Allocation Failure) done
Event: 6.300 Executing VM operation: Cleanup
Event: 6.300 Executing VM operation: Cleanup done

Memory protections (0 events):
No events

Nmethod flushes (0 events):
No events

Events (18 events):
Event: 0.117 Thread 0x0000028b5fee26e0 Thread added: 0x0000028b5fee26e0
Event: 0.184 Thread 0x0000028b5fee26e0 Thread added: 0x0000028b7436cfd0
Event: 0.184 Thread 0x0000028b5fee26e0 Thread added: 0x0000028b7436e8d0
Event: 0.184 Thread 0x0000028b5fee26e0 Thread added: 0x0000028b743705e0
Event: 0.185 Thread 0x0000028b5fee26e0 Thread added: 0x0000028b743741c0
Event: 0.185 Thread 0x0000028b5fee26e0 Thread added: 0x0000028b74372300
Event: 0.185 Thread 0x0000028b5fee26e0 Thread added: 0x0000028b74376ee0
Event: 0.186 Thread 0x0000028b5fee26e0 Thread added: 0x0000028b74377c60
Event: 0.209 Thread 0x0000028b5fee26e0 Thread added: 0x0000028b743e7600
Event: 0.284 Thread 0x0000028b5fee26e0 Thread added: 0x0000028b5ff4c570
Event: 2.006 Thread 0x0000028b5fee26e0 Thread added: 0x0000028b7547fce0
Event: 2.677 Thread 0x0000028b743e7600 Thread added: 0x0000028b75488b90
Event: 3.961 Thread 0x0000028b75488b90 Thread exited: 0x0000028b75488b90
Event: 4.110 Thread 0x0000028b74377c60 Thread added: 0x0000028b75578960
Event: 4.559 Thread 0x0000028b75578960 Thread exited: 0x0000028b75578960
Event: 4.800 Thread 0x0000028b743e7600 Thread added: 0x0000028b758705d0
Event: 5.076 Thread 0x0000028b758705d0 Thread exited: 0x0000028b758705d0
Event: 6.138 Thread 0x0000028b743e7600 Thread added: 0x0000028b75aea480


Dynamic libraries:
0x00007ff779b00000 - 0x00007ff779b0e000 	c:\Users\jeanm\.vscode\extensions\redhat.java-1.39.0-win32-x64\jre\21.0.5-win32-x86_64\bin\java.exe
0x00007ff826a30000 - 0x00007ff826c47000 	C:\WINDOWS\SYSTEM32\ntdll.dll
0x00007ff825820000 - 0x00007ff8258e4000 	C:\WINDOWS\System32\KERNEL32.DLL
0x00007ff824160000 - 0x00007ff82451b000 	C:\WINDOWS\System32\KERNELBASE.dll
0x00007ff823ed0000 - 0x00007ff823fe1000 	C:\WINDOWS\System32\ucrtbase.dll
0x00007ffffde10000 - 0x00007ffffde28000 	c:\Users\jeanm\.vscode\extensions\redhat.java-1.39.0-win32-x64\jre\21.0.5-win32-x86_64\bin\jli.dll
0x00007ff8248e0000 - 0x00007ff824a8f000 	C:\WINDOWS\System32\USER32.dll
0x00007ff824130000 - 0x00007ff824156000 	C:\WINDOWS\System32\win32u.dll
0x00007ff8268d0000 - 0x00007ff8268f9000 	C:\WINDOWS\System32\GDI32.dll
0x00007ff823d10000 - 0x00007ff823e2b000 	C:\WINDOWS\System32\gdi32full.dll
0x00007ff823e30000 - 0x00007ff823eca000 	C:\WINDOWS\System32\msvcp_win.dll
0x00007ffffbaa0000 - 0x00007ffffbabe000 	c:\Users\jeanm\.vscode\extensions\redhat.java-1.39.0-win32-x64\jre\21.0.5-win32-x86_64\bin\VCRUNTIME140.dll
0x00007ff807220000 - 0x00007ff8074b2000 	C:\WINDOWS\WinSxS\amd64_microsoft.windows.common-controls_6595b64144ccf1df_6.0.22621.4435_none_270f767f73860d61\COMCTL32.dll
0x00007ff826820000 - 0x00007ff8268c7000 	C:\WINDOWS\System32\msvcrt.dll
0x00007ff825b10000 - 0x00007ff825b41000 	C:\WINDOWS\System32\IMM32.DLL
0x00007ff81a2e0000 - 0x00007ff81a2ec000 	c:\Users\jeanm\.vscode\extensions\redhat.java-1.39.0-win32-x64\jre\21.0.5-win32-x86_64\bin\vcruntime140_1.dll
0x00007fffe71b0000 - 0x00007fffe723d000 	c:\Users\jeanm\.vscode\extensions\redhat.java-1.39.0-win32-x64\jre\21.0.5-win32-x86_64\bin\msvcp140.dll
0x00007fff57720000 - 0x00007fff584af000 	c:\Users\jeanm\.vscode\extensions\redhat.java-1.39.0-win32-x64\jre\21.0.5-win32-x86_64\bin\server\jvm.dll
0x00007ff8252d0000 - 0x00007ff825382000 	C:\WINDOWS\System32\ADVAPI32.dll
0x00007ff824e30000 - 0x00007ff824ed7000 	C:\WINDOWS\System32\sechost.dll
0x00007ff824520000 - 0x00007ff824548000 	C:\WINDOWS\System32\bcrypt.dll
0x00007ff825d80000 - 0x00007ff825e94000 	C:\WINDOWS\System32\RPCRT4.dll
0x00007ff824760000 - 0x00007ff8247d1000 	C:\WINDOWS\System32\WS2_32.dll
0x00007ff823be0000 - 0x00007ff823c2d000 	C:\WINDOWS\SYSTEM32\POWRPROF.dll
0x00007ff81a150000 - 0x00007ff81a184000 	C:\WINDOWS\SYSTEM32\WINMM.dll
0x00007ff819e70000 - 0x00007ff819e7a000 	C:\WINDOWS\SYSTEM32\VERSION.dll
0x00007ff823bc0000 - 0x00007ff823bd3000 	C:\WINDOWS\SYSTEM32\UMPDC.dll
0x00007ff822d10000 - 0x00007ff822d28000 	C:\WINDOWS\SYSTEM32\kernel.appcore.dll
0x00007ff80cb40000 - 0x00007ff80cb4a000 	c:\Users\jeanm\.vscode\extensions\redhat.java-1.39.0-win32-x64\jre\21.0.5-win32-x86_64\bin\jimage.dll
0x00007ff81d660000 - 0x00007ff81d892000 	C:\WINDOWS\SYSTEM32\DBGHELP.DLL
0x00007ff824aa0000 - 0x00007ff824e2f000 	C:\WINDOWS\System32\combase.dll
0x00007ff825040000 - 0x00007ff825117000 	C:\WINDOWS\System32\OLEAUT32.dll
0x00007ff810340000 - 0x00007ff810372000 	C:\WINDOWS\SYSTEM32\dbgcore.DLL
0x00007ff823ff0000 - 0x00007ff82406b000 	C:\WINDOWS\System32\bcryptPrimitives.dll
0x00007ffffb620000 - 0x00007ffffb62f000 	c:\Users\jeanm\.vscode\extensions\redhat.java-1.39.0-win32-x64\jre\21.0.5-win32-x86_64\bin\instrument.dll
0x00007ffffb9f0000 - 0x00007ffffba0f000 	c:\Users\jeanm\.vscode\extensions\redhat.java-1.39.0-win32-x64\jre\21.0.5-win32-x86_64\bin\java.dll
0x00007ff825ea0000 - 0x00007ff82671d000 	C:\WINDOWS\System32\SHELL32.dll
0x00007ff821c00000 - 0x00007ff82250c000 	C:\WINDOWS\SYSTEM32\windows.storage.dll
0x00007ff821ac0000 - 0x00007ff821bff000 	C:\WINDOWS\SYSTEM32\wintypes.dll
0x00007ff826720000 - 0x00007ff82681a000 	C:\WINDOWS\System32\SHCORE.dll
0x00007ff826990000 - 0x00007ff8269ee000 	C:\WINDOWS\System32\shlwapi.dll
0x00007ff823c40000 - 0x00007ff823c6b000 	C:\WINDOWS\SYSTEM32\profapi.dll
0x00007ffffb9d0000 - 0x00007ffffb9e8000 	c:\Users\jeanm\.vscode\extensions\redhat.java-1.39.0-win32-x64\jre\21.0.5-win32-x86_64\bin\zip.dll
0x00007ff80c950000 - 0x00007ff80c960000 	C:\Users\jeanm\.vscode\extensions\redhat.java-1.39.0-win32-x64\jre\21.0.5-win32-x86_64\bin\net.dll
0x00007ff81d300000 - 0x00007ff81d436000 	C:\WINDOWS\SYSTEM32\WINHTTP.dll
0x00007ff823180000 - 0x00007ff8231e9000 	C:\WINDOWS\system32\mswsock.dll
0x00007ffffb9b0000 - 0x00007ffffb9c6000 	C:\Users\jeanm\.vscode\extensions\redhat.java-1.39.0-win32-x64\jre\21.0.5-win32-x86_64\bin\nio.dll
0x00007ffff8c10000 - 0x00007ffff8c20000 	c:\Users\jeanm\.vscode\extensions\redhat.java-1.39.0-win32-x64\jre\21.0.5-win32-x86_64\bin\verify.dll

dbghelp: loaded successfully - version: 4.0.5 - missing functions: none
symbol engine: initialized successfully - sym options: 0x614 - pdb path: .;c:\Users\jeanm\.vscode\extensions\redhat.java-1.39.0-win32-x64\jre\21.0.5-win32-x86_64\bin;C:\WINDOWS\SYSTEM32;C:\WINDOWS\WinSxS\amd64_microsoft.windows.common-controls_6595b64144ccf1df_6.0.22621.4435_none_270f767f73860d61;c:\Users\jeanm\.vscode\extensions\redhat.java-1.39.0-win32-x64\jre\21.0.5-win32-x86_64\bin\server

VM Arguments:
jvm_args: --add-modules=ALL-SYSTEM --add-opens=java.base/java.util=ALL-UNNAMED --add-opens=java.base/java.lang=ALL-UNNAMED --add-opens=java.base/sun.nio.fs=ALL-UNNAMED -Declipse.application=org.eclipse.jdt.ls.core.id1 -Dosgi.bundles.defaultStartLevel=4 -Declipse.product=org.eclipse.jdt.ls.core.product -Djava.import.generatesMetadataFilesAtProjectRoot=false -DDetectVMInstallationsJob.disabled=true -Dfile.encoding=utf8 -XX:+UseParallelGC -XX:GCTimeRatio=4 -XX:AdaptiveSizePolicyWeight=90 -Dsun.zip.disableMemoryMapping=true -Xmx1G -Xms100m -Xlog:disable -javaagent:c:\Users\jeanm\.vscode\extensions\redhat.java-1.39.0-win32-x64\lombok\lombok-1.18.34.jar 
java_command: c:\Users\jeanm\.vscode\extensions\redhat.java-1.39.0-win32-x64\server\plugins\org.eclipse.equinox.launcher_1.6.900.v20240613-2009.jar -configuration c:\Users\jeanm\AppData\Roaming\Code\User\globalStorage\redhat.java\1.39.0\config_ss_win -data c:\Users\jeanm\AppData\Roaming\Code\User\workspaceStorage\fd00c8fecdad8257e3b7b297384eeba9\redhat.java\ss_ws --pipe=\\.\pipe\lsp-21d403d7194422b13908013eca5e3e0a-sock
java_class_path (initial): c:\Users\jeanm\.vscode\extensions\redhat.java-1.39.0-win32-x64\server\plugins\org.eclipse.equinox.launcher_1.6.900.v20240613-2009.jar
Launcher Type: SUN_STANDARD

[Global flags]
    uintx AdaptiveSizePolicyWeight                 = 90                                        {product} {command line}
     intx CICompilerCount                          = 3                                         {product} {ergonomic}
    uintx GCTimeRatio                              = 4                                         {product} {command line}
   size_t InitialHeapSize                          = 104857600                                 {product} {command line}
   size_t MaxHeapSize                              = 1073741824                                {product} {command line}
   size_t MaxNewSize                               = 357564416                                 {product} {ergonomic}
   size_t MinHeapDeltaBytes                        = 524288                                    {product} {ergonomic}
   size_t MinHeapSize                              = 104857600                                 {product} {command line}
   size_t NewSize                                  = 34603008                                  {product} {ergonomic}
    uintx NonNMethodCodeHeapSize                   = 5832780                                {pd product} {ergonomic}
    uintx NonProfiledCodeHeapSize                  = 122912730                              {pd product} {ergonomic}
   size_t OldSize                                  = 70254592                                  {product} {ergonomic}
    uintx ProfiledCodeHeapSize                     = 122912730                              {pd product} {ergonomic}
    uintx ReservedCodeCacheSize                    = 251658240                              {pd product} {ergonomic}
     bool SegmentedCodeCache                       = true                                      {product} {ergonomic}
   size_t SoftMaxHeapSize                          = 1073741824                             {manageable} {ergonomic}
     bool UseCompressedOops                        = true                           {product lp64_product} {ergonomic}
     bool UseLargePagesIndividualAllocation        = false                                  {pd product} {ergonomic}
     bool UseParallelGC                            = true                                      {product} {command line}

Logging:
Log output configuration:
 #0: stdout all=off uptime,level,tags foldmultilines=false
 #1: stderr all=off uptime,level,tags foldmultilines=false

Environment Variables:
PATH=C:\Users\jeanm\Downloads\Archives\ZIP\WINDOWS.X64_193000_db_home\bin;C:\Program Files (x86)\VMware\VMware Workstation\bin\;C:\Program Files\Microsoft MPI\Bin\;C:\Program Files (x86)\Common Files\Intel\Shared Libraries\redist\intel64\compiler;C:\Program Files\Common Files\Oracle\Java\javapath;C:\WINDOWS\system32;C:\WINDOWS;C:\WINDOWS\System32\Wbem;C:\WINDOWS\System32\WindowsPowerShell\v1.0\;C:\WINDOWS\System32\OpenSSH\;C:\Program Files\Git\cmd;C:\src\flutter\bin;C:\Program Files\Microsoft SQL Server\150\Tools\Binn\;C:\Program Files\Microsoft SQL Server\Client SDK\ODBC\170\Tools\Binn\;C:\Program Files\dotnet\;C:\xampp\php;C:\composer;C:\Program Files (x86)\Microsoft SQL Server\160\Tools\Binn\;C:\Program Files\Microsoft SQL Server\160\Tools\Binn\;C:\Program Files\Microsoft SQL Server\160\DTS\Binn\;C:\Program Files (x86)\Windows Kits\10\Windows Performance Toolkit\;C:\Program Files (x86)\Microsoft SQL Server\160\DTS\Binn\;C:\Program Files\nodejs\;C:\ProgramData\chocolatey\bin;C:\php;C:\Users\jeanm\AppData\Roaming\npm;C:\apache-maven\apache-maven-3.9.9\bin;C:\scrcpy;C:\ngrok;C:\Users\jeanm\.console-ninja\.bin;C:\Program Files\heroku\bin;C:\Users\jeanm\AppData\Local\Programs\Python\Launcher\;C:\Users\jeanm\AppData\Local\Microsoft\WindowsApps;C:\Users\jeanm\AppData\Local\Programs\Microsoft VS Code\bin;C:\Program Files\JetBrains\PyCharm 2023.3.3\bin;C:\Program Files\JetBrains\IntelliJ IDEA 2023.3.4\bin;C:\Users\jeanm\.dotnet\tools;C:\Program Files\JetBrains\PhpStorm 2023.3.4\bin;C:\Users\jeanm\AppData\Roaming\Composer\vendor\bin;C:\src\flutter\bin;C:\Program Files\JetBrains\WebStorm 2024.3\bin;;C:\Program Files\JetBrains\PhpStorm 2024.2\bin;;C:\Program Files\JetBrains\DataGrip 2024.1.4\bin;;C:\Program Files\heroku\bin;C:\Users\jeanm\.dotnet\tools;C:\Program Files\JetBrains\IntelliJ IDEA 2024.3.1\bin;;C:\Users\jeanm\AppData\Local\Microsoft\WinGet\Links;
USERNAME=jeanm
OS=Windows_NT
PROCESSOR_IDENTIFIER=Intel64 Family 6 Model 78 Stepping 3, GenuineIntel
TMP=C:\Users\jeanm\AppData\Local\Temp
TEMP=C:\Users\jeanm\AppData\Local\Temp




Periodic native trim disabled

---------------  S Y S T E M  ---------------

OS:
 Windows 11 , 64 bit Build 22621 (10.0.22621.4435)
OS uptime: 6 days 23:38 hours
Hyper-V role detected

CPU: total 4 (initial active 4) (2 cores per cpu, 2 threads per core) family 6 model 78 stepping 3 microcode 0xf0, cx8, cmov, fxsr, ht, mmx, 3dnowpref, sse, sse2, sse3, ssse3, sse4.1, sse4.2, popcnt, lzcnt, tsc, tscinvbit, avx, avx2, aes, erms, clmul, bmi1, bmi2, rtm, adx, fma, vzeroupper, clflush, clflushopt, hv, rdtscp, f16c
Processor Information for all 4 processors :
  Max Mhz: 2496, Current Mhz: 2396, Mhz Limit: 2396

Memory: 4k page, system-wide physical 8071M (575M free)
TotalPageFile size 32647M (AvailPageFile size 3M)
current process WorkingSet (physical memory assigned to process): 83M, peak: 83M
current process commit charge ("private bytes"): 189M, peak: 190M

vm_info: OpenJDK 64-Bit Server VM (21.0.5+11-LTS) for windows-amd64 JRE (21.0.5+11-LTS), built on 2024-10-15T00:00:00Z by "admin" with MS VC++ 17.7 (VS2022)

END.
